mode: atomic
github.com/opendatahub-io/opendatahub-operator/v2/internal/webhook/datasciencecluster/defaulting.go:43.62,49.2 4 4
github.com/opendatahub-io/opendatahub-operator/v2/internal/webhook/datasciencecluster/defaulting.go:59.76,61.12 2 9
github.com/opendatahub-io/opendatahub-operator/v2/internal/webhook/datasciencecluster/defaulting.go:61.12,66.3 4 0
github.com/opendatahub-io/opendatahub-operator/v2/internal/webhook/datasciencecluster/defaulting.go:69.2,70.12 2 9
github.com/opendatahub-io/opendatahub-operator/v2/internal/webhook/datasciencecluster/defaulting.go:79.87,83.57 3 9
github.com/opendatahub-io/opendatahub-operator/v2/internal/webhook/datasciencecluster/defaulting.go:83.57,84.46 1 3
github.com/opendatahub-io/opendatahub-operator/v2/internal/webhook/datasciencecluster/defaulting.go:84.46,87.4 2 1
github.com/opendatahub-io/opendatahub-operator/v2/internal/webhook/datasciencecluster/register.go:10.47,15.39 1 4
github.com/opendatahub-io/opendatahub-operator/v2/internal/webhook/datasciencecluster/register.go:15.39,17.3 1 0
github.com/opendatahub-io/opendatahub-operator/v2/internal/webhook/datasciencecluster/register.go:20.2,22.39 1 4
github.com/opendatahub-io/opendatahub-operator/v2/internal/webhook/datasciencecluster/register.go:22.39,24.3 1 0
github.com/opendatahub-io/opendatahub-operator/v2/internal/webhook/datasciencecluster/register.go:26.2,26.12 1 4
github.com/opendatahub-io/opendatahub-operator/v2/internal/webhook/datasciencecluster/validating.go:40.62,47.2 3 4
github.com/opendatahub-io/opendatahub-operator/v2/internal/webhook/datasciencecluster/validating.go:58.91,64.23 4 8
github.com/opendatahub-io/opendatahub-operator/v2/internal/webhook/datasciencecluster/validating.go:65.26,66.98 1 7
github.com/opendatahub-io/opendatahub-operator/v2/internal/webhook/datasciencecluster/validating.go:67.10,68.22 1 1
github.com/opendatahub-io/opendatahub-operator/v2/internal/webhook/datasciencecluster/validating.go:71.2,71.19 1 8
github.com/opendatahub-io/opendatahub-operator/v2/internal/webhook/datasciencecluster/validating.go:71.19,73.3 1 2
github.com/opendatahub-io/opendatahub-operator/v2/internal/webhook/datasciencecluster/validating.go:75.2,75.99 1 6
