mode: atomic
github.com/opendatahub-io/opendatahub-operator/v2/internal/controller/components/trustyai/trustyai.go:27.13,29.2 1 1
github.com/opendatahub-io/opendatahub-operator/v2/internal/controller/components/trustyai/trustyai.go:31.45,33.2 1 1
github.com/opendatahub-io/opendatahub-operator/v2/internal/controller/components/trustyai/trustyai.go:35.93,51.2 1 1
github.com/opendatahub-io/opendatahub-operator/v2/internal/controller/components/trustyai/trustyai.go:53.65,56.88 2 0
github.com/opendatahub-io/opendatahub-operator/v2/internal/controller/components/trustyai/trustyai.go:56.88,58.3 1 0
github.com/opendatahub-io/opendatahub-operator/v2/internal/controller/components/trustyai/trustyai.go:60.2,60.12 1 0
github.com/opendatahub-io/opendatahub-operator/v2/internal/controller/components/trustyai/trustyai.go:63.74,65.2 1 7
github.com/opendatahub-io/opendatahub-operator/v2/internal/controller/components/trustyai/trustyai.go:67.130,73.106 4 4
github.com/opendatahub-io/opendatahub-operator/v2/internal/controller/components/trustyai/trustyai.go:73.106,75.3 1 0
github.com/opendatahub-io/opendatahub-operator/v2/internal/controller/components/trustyai/trustyai.go:77.2,78.9 2 4
github.com/opendatahub-io/opendatahub-operator/v2/internal/controller/components/trustyai/trustyai.go:78.9,80.3 1 0
github.com/opendatahub-io/opendatahub-operator/v2/internal/controller/components/trustyai/trustyai.go:82.2,90.22 6 4
github.com/opendatahub-io/opendatahub-operator/v2/internal/controller/components/trustyai/trustyai.go:90.22,94.96 3 2
github.com/opendatahub-io/opendatahub-operator/v2/internal/controller/components/trustyai/trustyai.go:94.96,97.4 2 2
github.com/opendatahub-io/opendatahub-operator/v2/internal/controller/components/trustyai/trustyai.go:97.9,99.4 1 0
github.com/opendatahub-io/opendatahub-operator/v2/internal/controller/components/trustyai/trustyai.go:100.8,107.3 1 2
github.com/opendatahub-io/opendatahub-operator/v2/internal/controller/components/trustyai/trustyai.go:109.2,109.16 1 4
github.com/opendatahub-io/opendatahub-operator/v2/internal/controller/components/trustyai/trustyai_controller.go:43.96,61.49 1 0
github.com/opendatahub-io/opendatahub-operator/v2/internal/controller/components/trustyai/trustyai_controller.go:61.49,64.7 1 0
github.com/opendatahub-io/opendatahub-operator/v2/internal/controller/components/trustyai/trustyai_controller.go:87.2,87.16 1 0
github.com/opendatahub-io/opendatahub-operator/v2/internal/controller/components/trustyai/trustyai_controller.go:87.16,89.3 1 0
github.com/opendatahub-io/opendatahub-operator/v2/internal/controller/components/trustyai/trustyai_controller.go:91.2,91.12 1 0
github.com/opendatahub-io/opendatahub-operator/v2/internal/controller/components/trustyai/trustyai_controller_actions.go:32.88,34.16 2 0
github.com/opendatahub-io/opendatahub-operator/v2/internal/controller/components/trustyai/trustyai_controller_actions.go:34.16,36.3 1 0
github.com/opendatahub-io/opendatahub-operator/v2/internal/controller/components/trustyai/trustyai_controller_actions.go:38.2,38.11 1 0
github.com/opendatahub-io/opendatahub-operator/v2/internal/controller/components/trustyai/trustyai_controller_actions.go:38.11,40.3 1 0
github.com/opendatahub-io/opendatahub-operator/v2/internal/controller/components/trustyai/trustyai_controller_actions.go:42.2,42.12 1 0
github.com/opendatahub-io/opendatahub-operator/v2/internal/controller/components/trustyai/trustyai_controller_actions.go:45.78,48.2 2 0
github.com/opendatahub-io/opendatahub-operator/v2/internal/controller/components/trustyai/trustyai_controller_actions.go:50.78,52.9 2 0
github.com/opendatahub-io/opendatahub-operator/v2/internal/controller/components/trustyai/trustyai_controller_actions.go:52.9,54.3 1 0
github.com/opendatahub-io/opendatahub-operator/v2/internal/controller/components/trustyai/trustyai_controller_actions.go:56.2,56.35 1 0
github.com/opendatahub-io/opendatahub-operator/v2/internal/controller/components/trustyai/trustyai_controller_actions.go:56.35,58.3 1 0
github.com/opendatahub-io/opendatahub-operator/v2/internal/controller/components/trustyai/trustyai_controller_actions.go:62.2,62.48 1 0
github.com/opendatahub-io/opendatahub-operator/v2/internal/controller/components/trustyai/trustyai_controller_actions.go:62.48,64.89 2 0
github.com/opendatahub-io/opendatahub-operator/v2/internal/controller/components/trustyai/trustyai_controller_actions.go:64.89,66.4 1 0
github.com/opendatahub-io/opendatahub-operator/v2/internal/controller/components/trustyai/trustyai_controller_actions.go:67.3,67.38 1 0
github.com/opendatahub-io/opendatahub-operator/v2/internal/controller/components/trustyai/trustyai_controller_actions.go:67.38,69.4 1 0
github.com/opendatahub-io/opendatahub-operator/v2/internal/controller/components/trustyai/trustyai_controller_actions.go:72.2,72.12 1 0
github.com/opendatahub-io/opendatahub-operator/v2/internal/controller/components/trustyai/trustyai_support.go:46.58,52.2 1 0
