mode: atomic
github.com/opendatahub-io/opendatahub-operator/v2/internal/controller/services/auth/auth.go:24.80,26.129 2 6
github.com/opendatahub-io/opendatahub-operator/v2/internal/controller/services/auth/auth.go:26.129,27.47 1 1
github.com/opendatahub-io/opendatahub-operator/v2/internal/controller/services/auth/auth.go:27.47,29.4 1 0
github.com/opendatahub-io/opendatahub-operator/v2/internal/controller/services/auth/auth.go:30.3,30.20 1 1
github.com/opendatahub-io/opendatahub-operator/v2/internal/controller/services/auth/auth.go:36.2,36.124 1 5
github.com/opendatahub-io/opendatahub-operator/v2/internal/controller/services/auth/auth_controller.go:37.13,39.2 1 1
github.com/opendatahub-io/opendatahub-operator/v2/internal/controller/services/auth/auth_controller.go:44.56,46.2 1 1
github.com/opendatahub-io/opendatahub-operator/v2/internal/controller/services/auth/auth_controller.go:48.43,50.2 1 1
github.com/opendatahub-io/opendatahub-operator/v2/internal/controller/services/auth/auth_controller.go:52.127,54.2 1 3
github.com/opendatahub-io/opendatahub-operator/v2/internal/controller/services/auth/auth_controller.go:56.85,73.16 2 0
github.com/opendatahub-io/opendatahub-operator/v2/internal/controller/services/auth/auth_controller.go:73.16,75.3 1 0
github.com/opendatahub-io/opendatahub-operator/v2/internal/controller/services/auth/auth_controller.go:77.2,77.12 1 0
github.com/opendatahub-io/opendatahub-operator/v2/internal/controller/services/auth/auth_controller_actions.go:38.80,55.2 2 1
github.com/opendatahub-io/opendatahub-operator/v2/internal/controller/services/auth/auth_controller_actions.go:57.136,59.27 2 5
github.com/opendatahub-io/opendatahub-operator/v2/internal/controller/services/auth/auth_controller_actions.go:59.27,61.78 1 13
github.com/opendatahub-io/opendatahub-operator/v2/internal/controller/services/auth/auth_controller_actions.go:61.78,64.12 3 2
github.com/opendatahub-io/opendatahub-operator/v2/internal/controller/services/auth/auth_controller_actions.go:66.3,71.42 2 11
github.com/opendatahub-io/opendatahub-operator/v2/internal/controller/services/auth/auth_controller_actions.go:74.2,87.16 3 5
github.com/opendatahub-io/opendatahub-operator/v2/internal/controller/services/auth/auth_controller_actions.go:87.16,89.3 1 0
github.com/opendatahub-io/opendatahub-operator/v2/internal/controller/services/auth/auth_controller_actions.go:91.2,91.12 1 5
github.com/opendatahub-io/opendatahub-operator/v2/internal/controller/services/auth/auth_controller_actions.go:94.143,96.27 2 1
github.com/opendatahub-io/opendatahub-operator/v2/internal/controller/services/auth/auth_controller_actions.go:96.27,98.85 1 2
github.com/opendatahub-io/opendatahub-operator/v2/internal/controller/services/auth/auth_controller_actions.go:98.85,101.12 3 0
github.com/opendatahub-io/opendatahub-operator/v2/internal/controller/services/auth/auth_controller_actions.go:103.3,109.42 2 2
github.com/opendatahub-io/opendatahub-operator/v2/internal/controller/services/auth/auth_controller_actions.go:112.2,124.16 3 1
github.com/opendatahub-io/opendatahub-operator/v2/internal/controller/services/auth/auth_controller_actions.go:124.16,126.3 1 0
github.com/opendatahub-io/opendatahub-operator/v2/internal/controller/services/auth/auth_controller_actions.go:128.2,128.12 1 1
github.com/opendatahub-io/opendatahub-operator/v2/internal/controller/services/auth/auth_controller_actions.go:131.87,133.9 2 2
github.com/opendatahub-io/opendatahub-operator/v2/internal/controller/services/auth/auth_controller_actions.go:133.9,135.3 1 1
github.com/opendatahub-io/opendatahub-operator/v2/internal/controller/services/auth/auth_controller_actions.go:137.2,138.16 2 1
github.com/opendatahub-io/opendatahub-operator/v2/internal/controller/services/auth/auth_controller_actions.go:138.16,140.3 1 0
github.com/opendatahub-io/opendatahub-operator/v2/internal/controller/services/auth/auth_controller_actions.go:142.2,143.16 2 1
github.com/opendatahub-io/opendatahub-operator/v2/internal/controller/services/auth/auth_controller_actions.go:143.16,145.3 1 0
github.com/opendatahub-io/opendatahub-operator/v2/internal/controller/services/auth/auth_controller_actions.go:147.2,148.16 2 1
github.com/opendatahub-io/opendatahub-operator/v2/internal/controller/services/auth/auth_controller_actions.go:148.16,150.3 1 0
github.com/opendatahub-io/opendatahub-operator/v2/internal/controller/services/auth/auth_controller_actions.go:152.2,152.12 1 1
github.com/opendatahub-io/opendatahub-operator/v2/internal/controller/services/auth/auth_controller_actions.go:155.104,157.16 2 1
github.com/opendatahub-io/opendatahub-operator/v2/internal/controller/services/auth/auth_controller_actions.go:157.16,160.3 2 0
github.com/opendatahub-io/opendatahub-operator/v2/internal/controller/services/auth/auth_controller_actions.go:161.2,174.16 3 1
github.com/opendatahub-io/opendatahub-operator/v2/internal/controller/services/auth/auth_controller_actions.go:174.16,176.3 1 0
github.com/opendatahub-io/opendatahub-operator/v2/internal/controller/services/auth/auth_controller_actions.go:178.2,178.12 1 1
github.com/opendatahub-io/opendatahub-operator/v2/internal/controller/services/auth/auth_controller_actions.go:181.88,183.16 2 1
github.com/opendatahub-io/opendatahub-operator/v2/internal/controller/services/auth/auth_controller_actions.go:183.16,185.3 1 0
github.com/opendatahub-io/opendatahub-operator/v2/internal/controller/services/auth/auth_controller_actions.go:186.2,186.9 1 1
github.com/opendatahub-io/opendatahub-operator/v2/internal/controller/services/auth/auth_controller_actions.go:186.9,189.3 2 0
github.com/opendatahub-io/opendatahub-operator/v2/internal/controller/services/auth/auth_controller_actions.go:191.2,192.22 2 1
github.com/opendatahub-io/opendatahub-operator/v2/internal/controller/services/auth/auth_controller_actions.go:193.28,195.49 2 0
github.com/opendatahub-io/opendatahub-operator/v2/internal/controller/services/auth/auth_controller_actions.go:195.49,197.4 1 0
github.com/opendatahub-io/opendatahub-operator/v2/internal/controller/services/auth/auth_controller_actions.go:198.32,200.49 2 0
github.com/opendatahub-io/opendatahub-operator/v2/internal/controller/services/auth/auth_controller_actions.go:200.49,202.4 1 0
github.com/opendatahub-io/opendatahub-operator/v2/internal/controller/services/auth/auth_controller_actions.go:203.10,205.49 2 1
github.com/opendatahub-io/opendatahub-operator/v2/internal/controller/services/auth/auth_controller_actions.go:205.49,207.4 1 0
github.com/opendatahub-io/opendatahub-operator/v2/internal/controller/services/auth/auth_controller_actions.go:209.2,209.12 1 1
